<?xml version="1.0" encoding="UTF-8"?>
<!-- Generated by org.testng.reporters.JUnitXMLReporter -->
<testsuite ignored="0" hostname="user25" failures="0" tests="3" name="Default test" time="2.849" errors="0" timestamp="2024-11-17T15:52:29 IST">
  <testcase classname="testScripts.PlaceOrderTest" name="addItemTest" time="0.315"/>
  <testcase classname="testScripts.PlaceOrderTest" name="checkOut" time="0.156"/>
  <testcase classname="testScripts.PlaceOrderTest" name="isCheckOutDetailsEntered" time="0.715"/>
</testsuite> <!-- Default test -->
