<?xml version="1.0" encoding="UTF-8"?>
<testng-results ignored="0" total="2" passed="2" failed="0" skipped="0">
  <reporter-output>
  </reporter-output>
  <suite started-at="2024-11-18T14:59:34 IST" name="Default suite" finished-at="2024-11-18T14:59:39 IST" duration-ms="5263">
    <groups>
    </groups>
    <test started-at="2024-11-18T14:59:34 IST" name="Default test" finished-at="2024-11-18T14:59:39 IST" duration-ms="5263">
      <class name="testScripts.CreateAndEditArticleTest">
        <test-method is-config="true" signature="setUp()[pri:0, instance:testScripts.CreateAndEditArticleTest@7de0c6ae]" started-at="2024-11-18T14:59:34 IST" name="setUp" finished-at="2024-11-18T14:59:36 IST" duration-ms="2073" status="PASS">
          <reporter-output>
          </reporter-output>
        </test-method> <!-- setUp -->
        <test-method signature="isArticleCreated()[pri:0, instance:testScripts.CreateAndEditArticleTest@7de0c6ae]" started-at="2024-11-18T14:59:36 IST" name="isArticleCreated" finished-at="2024-11-18T14:59:38 IST" duration-ms="2015" status="PASS">
          <reporter-output>
          </reporter-output>
        </test-method> <!-- isArticleCreated -->
        <test-method signature="isArticleEdited()[pri:0, instance:testScripts.CreateAndEditArticleTest@7de0c6ae]" started-at="2024-11-18T14:59:38 IST" name="isArticleEdited" finished-at="2024-11-18T14:59:39 IST" duration-ms="1107" status="PASS">
          <reporter-output>
          </reporter-output>
        </test-method> <!-- isArticleEdited -->
      </class> <!-- testScripts.CreateAndEditArticleTest -->
    </test> <!-- Default test -->
  </suite> <!-- Default suite -->
</testng-results>
