<?xml version="1.0" encoding="UTF-8"?>
<testng-results ignored="0" total="3" passed="3" failed="0" skipped="0">
  <reporter-output>
  </reporter-output>
  <suite started-at="2024-11-17T15:52:27 IST" name="Default suite" finished-at="2024-11-17T15:52:29 IST" duration-ms="2849">
    <groups>
    </groups>
    <test started-at="2024-11-17T15:52:27 IST" name="Default test" finished-at="2024-11-17T15:52:29 IST" duration-ms="2849">
      <class name="testScripts.PlaceOrderTest">
        <test-method is-config="true" signature="setUp()[pri:0, instance:testScripts.PlaceOrderTest@47428937]" started-at="2024-11-17T15:52:27 IST" name="setUp" finished-at="2024-11-17T15:52:28 IST" duration-ms="1594" status="PASS">
          <reporter-output>
          </reporter-output>
        </test-method> <!-- setUp -->
        <test-method signature="addItemTest()[pri:0, instance:testScripts.PlaceOrderTest@47428937]" started-at="2024-11-17T15:52:28 IST" name="addItemTest" finished-at="2024-11-17T15:52:29 IST" duration-ms="315" status="PASS">
          <reporter-output>
          </reporter-output>
        </test-method> <!-- addItemTest -->
        <test-method signature="checkOut()[pri:0, instance:testScripts.PlaceOrderTest@47428937]" started-at="2024-11-17T15:52:29 IST" name="checkOut" finished-at="2024-11-17T15:52:29 IST" duration-ms="156" status="PASS">
          <reporter-output>
          </reporter-output>
        </test-method> <!-- checkOut -->
        <test-method signature="isCheckOutDetailsEntered()[pri:0, instance:testScripts.PlaceOrderTest@47428937]" started-at="2024-11-17T15:52:29 IST" name="isCheckOutDetailsEntered" finished-at="2024-11-17T15:52:29 IST" duration-ms="715" status="PASS">
          <reporter-output>
          </reporter-output>
        </test-method> <!-- isCheckOutDetailsEntered -->
      </class> <!-- testScripts.PlaceOrderTest -->
    </test> <!-- Default test -->
  </suite> <!-- Default suite -->
</testng-results>
